  ConsoleApplication1.cpp
C:\Users\m27.DTWIN-7\source\repos\ConsoleApplication1\ConsoleApplication1\ConsoleApplication1.cpp(14): warning C4305: инициализация: усечение из "double" в "float"
C:\Users\m27.DTWIN-7\source\repos\ConsoleApplication1\ConsoleApplication1\ConsoleApplication1.cpp(15): warning C4305: инициализация: усечение из "double" в "float"
C:\Users\m27.DTWIN-7\source\repos\ConsoleApplication1\ConsoleApplication1\ConsoleApplication1.cpp(17): warning C4305: инициализация: усечение из "double" в "float"
C:\Users\m27.DTWIN-7\source\repos\ConsoleApplication1\ConsoleApplication1\ConsoleApplication1.cpp(20): warning C4305: инициализация: усечение из "double" в "float"
C:\Users\m27.DTWIN-7\source\repos\ConsoleApplication1\ConsoleApplication1\ConsoleApplication1.cpp(23): warning C4305: инициализация: усечение из "double" в "float"
C:\Users\m27.DTWIN-7\source\repos\ConsoleApplication1\ConsoleApplication1\ConsoleApplication1.cpp(26): warning C4305: инициализация: усечение из "double" в "float"
C:\Users\m27.DTWIN-7\source\repos\ConsoleApplication1\ConsoleApplication1\ConsoleApplication1.cpp(27): warning C4244: инициализация: преобразование "double" в "float", возможна потеря данных
C:\Users\m27.DTWIN-7\source\repos\ConsoleApplication1\ConsoleApplication1\ConsoleApplication1.cpp(30): warning C4244: инициализация: преобразование "double" в "float", возможна потеря данных
C:\Users\m27.DTWIN-7\source\repos\ConsoleApplication1\ConsoleApplication1\ConsoleApplication1.cpp(32): warning C4305: инициализация: усечение из "double" в "float"
C:\Users\m27.DTWIN-7\source\repos\ConsoleApplication1\ConsoleApplication1\ConsoleApplication1.cpp(33): warning C4305: инициализация: усечение из "double" в "float"
C:\Users\m27.DTWIN-7\source\repos\ConsoleApplication1\ConsoleApplication1\ConsoleApplication1.cpp(35): warning C4305: инициализация: усечение из "double" в "float"
C:\Users\m27.DTWIN-7\source\repos\ConsoleApplication1\ConsoleApplication1\ConsoleApplication1.cpp(36): warning C4305: инициализация: усечение из "double" в "float"
C:\Users\m27.DTWIN-7\source\repos\ConsoleApplication1\ConsoleApplication1\ConsoleApplication1.cpp(37): warning C4305: инициализация: усечение из "double" в "float"
C:\Users\m27.DTWIN-7\source\repos\ConsoleApplication1\ConsoleApplication1\ConsoleApplication1.cpp(38): warning C4305: инициализация: усечение из "double" в "float"
C:\Users\m27.DTWIN-7\source\repos\ConsoleApplication1\ConsoleApplication1\ConsoleApplication1.cpp(40): warning C4305: инициализация: усечение из "double" в "float"
C:\Users\m27.DTWIN-7\source\repos\ConsoleApplication1\ConsoleApplication1\ConsoleApplication1.cpp(41): warning C4305: инициализация: усечение из "double" в "float"
C:\Users\m27.DTWIN-7\source\repos\ConsoleApplication1\ConsoleApplication1\ConsoleApplication1.cpp(42): warning C4305: инициализация: усечение из "double" в "float"
C:\Users\m27.DTWIN-7\source\repos\ConsoleApplication1\ConsoleApplication1\ConsoleApplication1.cpp(65): warning C4244: инициализация: преобразование "double" в "float", возможна потеря данных
C:\Users\m27.DTWIN-7\source\repos\ConsoleApplication1\ConsoleApplication1\ConsoleApplication1.cpp(78): warning C4305: =: усечение из "double" в "_Ty"
          with
          [
              _Ty=float
          ]
C:\Users\m27.DTWIN-7\source\repos\ConsoleApplication1\ConsoleApplication1\ConsoleApplication1.cpp(80): warning C4305: =: усечение из "double" в "_Ty"
          with
          [
              _Ty=float
          ]
C:\Users\m27.DTWIN-7\source\repos\ConsoleApplication1\ConsoleApplication1\ConsoleApplication1.cpp(66): warning C4101: eto: неиспользованная локальная переменная
  ConsoleApplication1.vcxproj -> C:\Users\m27.DTWIN-7\source\repos\ConsoleApplication1\Debug\ConsoleApplication1.exe
